
*** Error line 3.
int emptyMain(){
              ^
*** Declaration of 'emptyMain' on line 3 doesn't have a return


*** Error line 12.
  return 2;
  ^^^^^^^^^
*** Incompatible return: int given, vec2 expected


*** Error line 17.
  int integer = true;
                    ^
*** Wrong initialization of identifier 'integer': idType 'int' exprType 'bool'


*** Error line 18.
  bool boolean = 5;
                  ^
*** Wrong initialization of identifier 'boolean': idType 'bool' exprType 'int'


*** Error line 21.
	while(i != j || integer){
                     ^^
*** No declaration found for variable 'j'


*** Error line 21.
	while(i != j || integer){
                               ^
*** Incompatible operands: bool || int


*** Error line 35.
        vec2 k;
              ^
*** Declaration of 'k' here conflicts with declaration on line 34


*** Error line 36.
        vec3 k = k.xyx;
                      ^
*** Declaration of 'k' here conflicts with declaration on line 35


*** Error line 37.
        vec4 k = k.wxyz;
                       ^
*** Declaration of 'k' here conflicts with declaration on line 36


*** Error line 37.
        vec4 k = k.wxyz;
                   ^^^^
*** VarExpr swizzle 'wxyz' exceeds its vector component


*** Error line 38.
        k = 5;
          ^
*** Incompatible operands: vec4 = int


*** Error line 42.
   return f();
          ^
*** No declaration found for function 'f'

